C51 COMPILER V9.52.0.0   WDT                                                               02/09/2017 18:52:07 PAGE 1   


C51 COMPILER V9.52.0.0, COMPILATION OF MODULE WDT
OBJECT MODULE PLACED IN .\Output\WDT.obj
COMPILER INVOKED BY: C:\Keil\C51\BIN\C51.EXE Code\WDT.c BROWSE INCDIR(..\..\Include) DEFINE(FOSC_160000) DEBUG OBJECTEXT
                    -END PRINT(.\LST\WDT.lst) TABS(2) OBJECT(.\Output\WDT.obj)

line level    source

   1          /*--------------------------------------------------------------------------------------------------------
             --*/
   2          /*                                                                                                        
             - */
   3          /* Copyright(c) 2017 Nuvoton Technology Corp. All rights reserved.                                        
             - */
   4          /*                                                                                                        
             - */
   5          /*--------------------------------------------------------------------------------------------------------
             --*/
   6          
   7          //********************************************************************************************************
             -***
   8          //  Website: http://www.nuvoton.com
   9          //  E-Mail : MicroC-8bit@nuvoton.com
  10          //  Date   : Jan/21/2017
  11          //********************************************************************************************************
             -***
  12          
  13          //********************************************************************************************************
             -***
  14          //  File Function: N76E003 Watch Dog as pure timer with interrupt demo code
  15          //********************************************************************************************************
             -***
  16          
  17          #include "N76E003.h"
  18          #include "Common.h"
  19          #include "Delay.h"
  20          #include "SFR_Macro.h"
  21          #include "Function_define.h"
  22          
  23          
  24          /*********************************************************************************************************
             -***
  25          *    WDT interrupt sub-routine
  26          **********************************************************************************************************
             -**/
  27          void WDT_ISR (void)   interrupt 10
  28          {
  29   1      
  30   1                //---------toggle GPIO1---------  
  31   1                  clr_GPIO1;
  32   1                  Timer0_Delay1ms(50);
  33   1                  set_GPIO1;
  34   1                  Timer0_Delay1ms(50);
  35   1                  clr_GPIO1;
  36   1                  Timer0_Delay1ms(50);
  37   1                  set_GPIO1;
  38   1                  Timer0_Delay1ms(50);
  39   1                //---------end toggle GPIO2--------
  40   1          clr_WDTF;
  41   1          set_WDCLR;
  42   1      }
  43          
C51 COMPILER V9.52.0.0   WDT                                                               02/09/2017 18:52:07 PAGE 2   

  44          /*********************************************************************************************************
             -***
  45          *    Main function 
  46          **********************************************************************************************************
             -**/
  47          void main (void)
  48          {
  49   1      /* Note
  50   1        WDT timer base is LIRC 10Khz
  51   1      */
  52   1          
  53   1        Set_All_GPIO_Quasi_Mode;
  54   1        
  55   1      //WDT init
  56   1      //--------------------------------------------------------
  57   1      //Warning:
  58   1      //Pleaes always check CONFIG WDT disable first 
  59   1      //only when WDT reset disable, WDT use as pure timer
  60   1      //--------------------------------------------------------
  61   1          TA=0xAA;TA=0x55;WDCON=0x06;     //Setting WDT prescale 
  62   1          set_WDTR;                       //WDT run
  63   1          set_WDCLR;                      //Clear WDT timer
  64   1          set_EWDT;
  65   1          EA =1;
  66   1      
  67   1      #if 1
  68   1          while(1);
  69   1      #else
                  set_WIDPD;                      //WDT run in POWER DOWM mode setting if needed
                  while (1)
                  {
                    set_PD;
                        //---------toggle GPIO1---------  
                          clr_P04;
                          Timer1_Delay10ms(5);
                          set_P04;
                          Timer1_Delay10ms(5);
                          clr_P04;
                          Timer1_Delay10ms(5);
                          set_P04;
                          Timer1_Delay10ms(5);
                        //---------end toggle GPIO1---------
                  }
              #endif
  86   1      }


MODULE INFORMATION:   STATIC OVERLAYABLE
   CODE SIZE        =    213    ----
   CONSTANT SIZE    =   ----    ----
   XDATA SIZE       =   ----    ----
   PDATA SIZE       =   ----    ----
   DATA SIZE        =   ----    ----
   IDATA SIZE       =   ----    ----
   BIT SIZE         =   ----    ----
END OF MODULE INFORMATION.


C51 COMPILATION COMPLETE.  0 WARNING(S),  0 ERROR(S)
