C51 COMPILER V9.52.0.0   IAP_MHIRC                                                         02/09/2017 17:24:21 PAGE 1   


C51 COMPILER V9.52.0.0, COMPILATION OF MODULE IAP_MHIRC
OBJECT MODULE PLACED IN .\Output\IAP_MHIRC.obj
COMPILER INVOKED BY: C:\Keil\C51\BIN\C51.EXE Code\IAP_MHIRC.C BROWSE INCDIR(..\..\Common;..\..\Include) DEFINE(FOSC_1600
                    -00) DEBUG OBJECTEXTEND PRINT(.\List\IAP_MHIRC.lst) TABS(2) OBJECT(.\Output\IAP_MHIRC.obj)

line level    source

   1          /*--------------------------------------------------------------------------------------------------------
             --*/
   2          /*                                                                                                        
             - */
   3          /* Copyright(c) 2017 Nuvoton Technology Corp. All rights reserved.                                        
             - */
   4          /*                                                                                                        
             - */
   5          /*--------------------------------------------------------------------------------------------------------
             --*/
   6          
   7          //********************************************************************************************************
             -***
   8          //  Website: http://www.nuvoton.com
   9          //  E-Mail : MicroC-8bit@nuvoton.com
  10          //  Date   : Jan/21/2017
  11          //********************************************************************************************************
             -***
  12          
  13          //********************************************************************************************************
             -***
  14          //  File Function: N76E003 read HIRC and modify to 16.6MHz demo code
  15          //********************************************************************************************************
             -***
  16          #include "N76E003.h"
  17          #include "Common.h"
  18          #include "Delay.h"
  19          #include "SFR_Macro.h"
  20          #include "Function_define.h"
  21          
  22          UINT8 hircmap0,hircmap1;
  23          UINT16 trimvalue16bit;
  24          
  25          void MODIFY_HIRC_VLAUE(void)
  26          {
  27   1          set_IAPEN;
  28   1          IAPAL = 0x30;
  29   1          IAPAH = 0x00;
  30   1          IAPCN = READ_UID;
  31   1          set_IAPGO;
  32   1          hircmap0 = IAPFD;
  33   1          IAPAL = 0x31;
  34   1          IAPAH = 0x00;
  35   1          set_IAPGO;
  36   1          hircmap1 = IAPFD;
  37   1          clr_IAPEN;
  38   1          trimvalue16bit = ((hircmap0<<1)+(hircmap1&0x01));
  39   1          trimvalue16bit = trimvalue16bit - 15;
  40   1          hircmap1 = trimvalue16bit&0x01;
  41   1          hircmap0 = trimvalue16bit>>1;
  42   1          TA=0XAA;
  43   1          TA=0X55;
  44   1          RCTRIM0 = hircmap0;
  45   1          TA=0XAA;
C51 COMPILER V9.52.0.0   IAP_MHIRC                                                         02/09/2017 17:24:21 PAGE 2   

  46   1          TA=0X55;
  47   1          RCTRIM1 = hircmap1;
  48   1      }
  49          
  50          void main(void)
  51          {
  52   1        CKDIV = 0x00;
  53   1        P11_PushPull_Mode;
  54   1        MODIFY_HIRC_VLAUE();
  55   1        CKDIV = 0x50;         //HIRC devider 160
  56   1        set_CLOEN;            //Check HIRC out wavefrom to confirm the HIRC modified
  57   1        while(1);
  58   1      }


MODULE INFORMATION:   STATIC OVERLAYABLE
   CODE SIZE        =    183    ----
   CONSTANT SIZE    =   ----    ----
   XDATA SIZE       =   ----    ----
   PDATA SIZE       =   ----    ----
   DATA SIZE        =      4    ----
   IDATA SIZE       =   ----    ----
   BIT SIZE         =   ----    ----
END OF MODULE INFORMATION.


C51 COMPILATION COMPLETE.  0 WARNING(S),  0 ERROR(S)
