C51 COMPILER V9.52.0.0   TIMER01_M2                                                        02/09/2017 18:21:38 PAGE 1   


C51 COMPILER V9.52.0.0, COMPILATION OF MODULE TIMER01_M2
OBJECT MODULE PLACED IN .\Output\Timer01_M2.obj
COMPILER INVOKED BY: C:\Keil\C51\BIN\C51.EXE Code\Timer01_M2.c BROWSE INCDIR(..\..\Include) DEFINE(FOSC_160000) DEBUG OB
                    -JECTEXTEND PRINT(.\LST\Timer01_M2.lst) TABS(2) OBJECT(.\Output\Timer01_M2.obj)

line level    source

   1          /*--------------------------------------------------------------------------------------------------------
             --*/
   2          /*                                                                                                        
             - */
   3          /* Copyright(c) 2017 Nuvoton Technology Corp. All rights reserved.                                        
             - */
   4          /*                                                                                                        
             - */
   5          /*--------------------------------------------------------------------------------------------------------
             --*/
   6          
   7          //********************************************************************************************************
             -***
   8          //  Website: http://www.nuvoton.com
   9          //  E-Mail : MicroC-8bit@nuvoton.com
  10          //  Date   : Jan/21/2017
  11          //********************************************************************************************************
             -***
  12          
  13          //********************************************************************************************************
             -***
  14          //  File Function: N76E003 Timer0/1 Mode2 demo code
  15          //********************************************************************************************************
             -***
  16          #include "N76E003.h"
  17          #include "Common.h"
  18          #include "Delay.h"
  19          #include "SFR_Macro.h"
  20          #include "Function_define.h"
  21          
  22          //*****************  The Following is in define in Fucntion_define.h  ***************************
  23          //****** Always include Function_define.h call the define you want, detail see main(void) *******
  24          //***********************************************************************************************
  25          #if 0
              //#define   TIMER0_MODE0_ENABLE   TMOD&=0x0F
              //#define   TIMER0_MODE1_ENABLE   TMOD&=0x0F;TMOD|=0x10
              //#define   TIMER0_MODE2_ENABLE   TMOD&=0x0F;TMOD|=0x20
              //#define   TIMER0_MODE3_ENABLE   TMOD&=0x0F;TMOD|=0x3F
              
              //#define   TIMER1_MODE0_ENABLE   TMOD&=0xF0
              //#define   TIMER1_MODE1_ENABLE   TMOD&=0xF0;TMOD|=0x01
              //#define   TIMER1_MODE2_ENABLE   TMOD&=0xF0;TMOD|=0x02
              //#define   TIMER1_MODE3_ENABLE   TMOD&=0xF0;TMOD|=0xF3
              #endif
  36          
  37          #if 1
  38              #define TIMER0_RELOAD_VALUE     50
  39              #define TIMER1_RELOAD_VALUE     50
  40          #else
                  #define TIMER0_RELOAD_VALUE     250
                  #define TIMER1_RELOAD_VALUE     250
              #endif
  44          
  45          /*********************************************************************************************************
C51 COMPILER V9.52.0.0   TIMER01_M2                                                        02/09/2017 18:21:38 PAGE 2   

             -***
  46          *    TIMER 0 interrupt subroutine
  47          **********************************************************************************************************
             -**/
  48          void Timer0_ISR (void) interrupt 1              //interrupt address is 0x000B
  49          {  
  50   1          P12 = ~P12;                                 // GPIO1 toggle when interrupt
  51   1      }
  52          
  53          /*********************************************************************************************************
             -***
  54          *    TIMER 1 interrupt subroutine
  55          **********************************************************************************************************
             -**/
  56          void Timer1_ISR (void) interrupt 3              //interrupt address is 0x001B
  57          {
  58   1          P03 = ~P03;                                 //P0.3 toggle when interrupt
  59   1      }
  60          
  61          /*********************************************************************************************************
             -***
  62          *    Main function 
  63          **********************************************************************************************************
             -**/
  64          void main (void)
  65          {
  66   1      
  67   1          Set_All_GPIO_Quasi_Mode;
  68   1          TIMER0_MODE2_ENABLE;
  69   1          TIMER1_MODE2_ENABLE;
  70   1          
  71   1          TH0 = (256-TIMER0_RELOAD_VALUE);            //initial counter values 
  72   1          TL0 = (256-TIMER0_RELOAD_VALUE);    
  73   1          TH1 = (256-TIMER1_RELOAD_VALUE);
  74   1          TL1 = (256-TIMER1_RELOAD_VALUE);    
  75   1          
  76   1          set_ET0;                                    //enable Timer0 interrupt
  77   1          set_ET1;                                    //enable Timer1 interrupt
  78   1          set_EA;                                     //enable interrupts
  79   1          set_TR0;                                    //Timer0 run
  80   1          set_TR1;                                    //Timer1 run
  81   1          while(1);
  82   1      }
  83          


MODULE INFORMATION:   STATIC OVERLAYABLE
   CODE SIZE        =     55    ----
   CONSTANT SIZE    =   ----    ----
   XDATA SIZE       =   ----    ----
   PDATA SIZE       =   ----    ----
   DATA SIZE        =   ----    ----
   IDATA SIZE       =   ----    ----
   BIT SIZE         =   ----    ----
END OF MODULE INFORMATION.


C51 COMPILATION COMPLETE.  0 WARNING(S),  0 ERROR(S)
