C51 COMPILER V9.52.0.0   CAPTURE                                                           02/09/2017 18:22:41 PAGE 1   


C51 COMPILER V9.52.0.0, COMPILATION OF MODULE CAPTURE
OBJECT MODULE PLACED IN .\Output\Capture.obj
COMPILER INVOKED BY: C:\Keil\C51\BIN\C51.EXE Code\Capture.c BROWSE INCDIR(..\..\Include) DEFINE(FOSC_160000) DEBUG OBJEC
                    -TEXTEND PRINT(.\LST\Capture.lst) TABS(2) OBJECT(.\Output\Capture.obj)

line level    source

   1          /*--------------------------------------------------------------------------------------------------------
             --*/
   2          /*                                                                                                        
             - */
   3          /* Copyright(c) 2017 Nuvoton Technology Corp. All rights reserved.                                        
             - */
   4          /*                                                                                                        
             - */
   5          /*--------------------------------------------------------------------------------------------------------
             --*/
   6          
   7          //********************************************************************************************************
             -***
   8          //  Website: http://www.nuvoton.com
   9          //  E-Mail : MicroC-8bit@nuvoton.com
  10          //  Date   : Jan/21/2017
  11          //********************************************************************************************************
             -***
  12          
  13          //********************************************************************************************************
             -***
  14          //  File Function: N76E003 Timer2 Auto reload Mode counter demo code
  15          //********************************************************************************************************
             -***
  16          #include "N76E003.h"
  17          #include "Common.h"
  18          #include "Delay.h"
  19          #include "SFR_Macro.h"
  20          #include "Function_define.h"
  21          
  22          
  23          /******************************************************************
  24          * Following define for timer 2 also in Function_define.h
  25          ********************************************************************/
  26          #if 0 
              //#define TIMER_DIV4_VALUE_10us       65536-56        //9*4/22118400 = 10 uS,         // Timer divider = 4
              //#define TIMER_DIV4_VALUE_1ms        65536-5530      //923*4/22118400 = 1 mS,        // Timer divider = 4
              //#define TIMER_DIV4_VALUE_100us      65536-553       //553*4/22118400 = 100 us       // Timer divider = 4
              //#define TIMER_DIV4_VALUE_200us      65536-1106      //1106*4/22118400 = 200 us      // Timer divider = 4
              //#define TIMER_DIV4_VALUE_500us      65536-2765      //2765*4/22118400 = 500 us      // Timer divider = 4    
              //#define TIMER_DIV16_VALUE_10ms      65536-13824     //1500*16/22118400 = 10 ms      // Timer divider = 16
              //#define TIMER_DIV64_VALUE_30ms      65536-10368     //10368*64/22118400 = 30 ms     // Timer divider = 64
              //#define TIMER_DIV128_VALUE_100ms    65536-17280     //17280*128/22118400 = 100 ms   // Timer divider = 128
              //#define TIMER_DIV128_VALUE_200ms    65536-34560     //34560*128/22118400 = 200 ms   // Timer divider = 128
              //#define TIMER_DIV256_VALUE_500ms    65536-43200     //43200*256/22118400 = 500 ms   // Timer divider = 256
              //#define TIMER_DIV512_VALUE_1s       65536-43200     //43200*512/22118400 = 1 s      // Timer divider = 512
              
              //#define TIMER2_DIV_4      T2MOD|=0x10;T2MOD&=0x9F
              //#define TIMER2_DIV_16     T2MOD|=0x20;T2MOD&=0xAF
              //#define TIMER2_DIV_32     T2MOD|=0x30;T2MOD&=0xBF
              //#define TIMER2_DIV_64     T2MOD|=0x40;T2MOD&=0xCF
              //#define TIMER2_DIV_128    T2MOD|=0x50;T2MOD&=0xDF
              //#define TIMER2_DIV_256    T2MOD|=0x60;T2MOD&=0xEF
              //#define TIMER2_DIV_512    T2MOD|=0x70
C51 COMPILER V9.52.0.0   CAPTURE                                                           02/09/2017 18:22:41 PAGE 2   

              
              //#define TIMER2_Auto_Reload_Delay_Mode       T2CON&=~SET_BIT0;T2MOD|=SET_BIT7;T2MOD|=SET_BIT3
              //#define TIMER2_Auto_Reload_Capture_Mode     T2CON&=~SET_BIT0;T2MOD|=SET_BIT7
              //#define TIMER2_Compare_Capture_Mode         T2CON|=SET_BIT0;T2MOD&=~SET_BIT7;T2MOD|=SET_BIT2
              #endif
  51          
  52          /*********************************************************************************************************
             -***
  53          *    Timer2 interrupt subroutine
  54          **********************************************************************************************************
             -**/
  55          void Timer2_ISR (void) interrupt 5
  56          {
  57   1          clr_TF2;                                //Clear Timer2 Interrupt Flag
  58   1          P12 = ~P12;                             // GPIO1 toggle
  59   1          printf("\n TM2 INT 0x%bX",RCMP2H);
  60   1      }
  61          /*********************************************************************************************************
             -***
  62          *    Main function 
  63          **********************************************************************************************************
             -**/
  64          void main (void)
  65          {
  66   1          Set_All_GPIO_Quasi_Mode;
  67   1          InitialUART0_Timer3(115200);
  68   1        
  69   1          TIMER2_DIV_128;
  70   1          TIMER2_Auto_Reload_Delay_Mode;
  71   1      
  72   1          RCMP2L = TIMER_DIV128_VALUE_100ms;
  73   1          RCMP2H = TIMER_DIV128_VALUE_100ms>>8;
  74   1          TL2 = 0;
  75   1          TH2 = 0;
  76   1      
  77   1          set_ET2;                                    // Enable Timer2 interrupt
  78   1          set_EA;
  79   1          set_TR2;                                    // Timer2 run
  80   1          
  81   1          while(1);
  82   1      }


MODULE INFORMATION:   STATIC OVERLAYABLE
   CODE SIZE        =    129    ----
   CONSTANT SIZE    =     16    ----
   XDATA SIZE       =   ----    ----
   PDATA SIZE       =   ----    ----
   DATA SIZE        =   ----    ----
   IDATA SIZE       =   ----    ----
   BIT SIZE         =   ----    ----
END OF MODULE INFORMATION.


C51 COMPILATION COMPLETE.  0 WARNING(S),  0 ERROR(S)
