C51 COMPILER V9.52.0.0   IAP_RBGTRIM                                                       02/09/2017 17:38:41 PAGE 1   


C51 COMPILER V9.52.0.0, COMPILATION OF MODULE IAP_RBGTRIM
OBJECT MODULE PLACED IN .\Output\IAP_RBGtrim.obj
COMPILER INVOKED BY: C:\Keil\C51\BIN\C51.EXE Code\IAP_RBGtrim.C BROWSE INCDIR(..\..\Common;..\..\Include) DEFINE(FOSC_16
                    -0000) DEBUG OBJECTEXTEND PRINT(.\List\IAP_RBGtrim.lst) TABS(2) OBJECT(.\Output\IAP_RBGtrim.obj)

line level    source

   1          /*--------------------------------------------------------------------------------------------------------
             --*/
   2          /*                                                                                                        
             - */
   3          /* Copyright(c) 2017 Nuvoton Technology Corp. All rights reserved.                                        
             - */
   4          /*                                                                                                        
             - */
   5          /*--------------------------------------------------------------------------------------------------------
             --*/
   6          
   7          //********************************************************************************************************
             -***
   8          //  Website: http://www.nuvoton.com
   9          //  E-Mail : MicroC-8bit@nuvoton.com
  10          //  Date   : Jan/21/2017
  11          //********************************************************************************************************
             -***
  12          
  13          //********************************************************************************************************
             -***
  14          //  File Function: N76E003 Read actually bandgap value by IAP command
  15          //********************************************************************************************************
             -***
  16          #include "N76E003.h"
  17          #include "Common.h"
  18          #include "Delay.h"
  19          #include "SFR_Macro.h"
  20          #include "Function_define.h"
  21          
  22          double  Bandgap_Value,Bandgap_Voltage;      //please always use "double" mode for this
  23          UINT8 BandgapHigh,BandgapLow;
  24              
  25          void READ_BANDGAP()
  26          {
  27   1      
  28   1          set_IAPEN;
  29   1          IAPAL = 0x0C;
  30   1          IAPAH = 0x00;
  31   1          IAPCN = READ_UID;
  32   1          set_IAPGO;
  33   1          BandgapHigh = IAPFD;
  34   1          IAPAL = 0x0d;
  35   1          IAPAH = 0x00;
  36   1          IAPCN = READ_UID;
  37   1          set_IAPGO;
  38   1          BandgapLow = IAPFD;
  39   1          BandgapLow = BandgapLow&0x0F;
  40   1          clr_IAPEN;
  41   1          Bandgap_Value = (BandgapHigh<<4)+BandgapLow;
  42   1          Bandgap_Voltage = 3072/(0x0fff/Bandgap_Value);
  43   1      }
  44          
  45          void main(void)
C51 COMPILER V9.52.0.0   IAP_RBGTRIM                                                       02/09/2017 17:38:41 PAGE 2   

  46          {
  47   1        InitialUART0_Timer3(115200);
  48   1        READ_BANDGAP();
  49   1        printf ("\n Bandgap voltage = %e", Bandgap_Voltage); 
  50   1        printf ("\n Bandgap SFR  = 0x%bx", BandgapHigh);
  51   1        printf ("\n Bandgap SFR  = 0x%bx", BandgapLow);
  52   1        while(1);
  53   1      }


MODULE INFORMATION:   STATIC OVERLAYABLE
   CODE SIZE        =    236    ----
   CONSTANT SIZE    =     46    ----
   XDATA SIZE       =   ----    ----
   PDATA SIZE       =   ----    ----
   DATA SIZE        =     10    ----
   IDATA SIZE       =   ----    ----
   BIT SIZE         =   ----    ----
END OF MODULE INFORMATION.


C51 COMPILATION COMPLETE.  0 WARNING(S),  0 ERROR(S)
