C51 COMPILER V9.52.0.0   WDT                                                               02/09/2017 18:52:43 PAGE 1   


C51 COMPILER V9.52.0.0, COMPILATION OF MODULE WDT
OBJECT MODULE PLACED IN .\Output\WDT.obj
COMPILER INVOKED BY: C:\Keil\C51\BIN\C51.EXE Code\WDT.c BROWSE INCDIR(..\..\Include) DEFINE(FOSC_160000) DEBUG OBJECTEXT
                    -END PRINT(.\LST\WDT.lst) TABS(2) OBJECT(.\Output\WDT.obj)

line level    source

   1          /*--------------------------------------------------------------------------------------------------------
             --*/
   2          /*                                                                                                        
             - */
   3          /* Copyright(c) 2017 Nuvoton Technology Corp. All rights reserved.                                        
             - */
   4          /*                                                                                                        
             - */
   5          /*--------------------------------------------------------------------------------------------------------
             --*/
   6          
   7          //********************************************************************************************************
             -***
   8          //  Website: http://www.nuvoton.com
   9          //  E-Mail : MicroC-8bit@nuvoton.com
  10          //  Date   : Jan/21/2017
  11          //********************************************************************************************************
             -***
  12          
  13          //********************************************************************************************************
             -***
  14          //  File Function: N76E003 Watch Dog reste functiondemo code
  15          //********************************************************************************************************
             -***
  16          #include "N76E003.h"
  17          #include "Common.h"
  18          #include "Delay.h"
  19          #include "SFR_Macro.h"
  20          #include "Function_define.h"
  21          
  22          /***********************************************************************
  23            WDT CONFIG enable 
  24            warning : this macro is only when ICP not enable CONFIG WDT function
  25            copy this marco code to you code to enable WDT reset.
  26          ************************************************************************/
  27          void Enable_WDT_Reset_Config(void)
  28          {
  29   1          set_IAPEN;
  30   1          IAPAL = 0x04;
  31   1          IAPAH = 0x00;
  32   1          IAPFD = 0x0F;
  33   1          IAPCN = 0xE1;
  34   1          set_CFUEN;
  35   1          set_IAPGO;                                  //trigger IAP
  36   1          while((CHPCON&SET_BIT6)==SET_BIT6);          //check IAPFF (CHPCON.6)
  37   1          clr_CFUEN;
  38   1          clr_IAPEN;
  39   1      }
  40          
  41          
  42          /*********************************************************************************************************
             -***
  43          *    Main function 
  44          **********************************************************************************************************
C51 COMPILER V9.52.0.0   WDT                                                               02/09/2017 18:52:43 PAGE 2   

             -**/
  45          void main (void)
  46          {
  47   1      
  48   1      
  49   1      
  50   1        Set_All_GPIO_Quasi_Mode;
  51   1      
  52   1        clr_GPIO1;
  53   1        Timer0_Delay1ms(50);          //toggle I/O to show MCU Reset
  54   1        set_GPIO1;
  55   1        Timer0_Delay1ms(50);
  56   1        clr_GPIO1;
  57   1        Timer0_Delay1ms(50);
  58   1        set_GPIO1;
  59   1        Timer0_Delay1ms(50);
  60   1      
  61   1        
  62   1      //----------------------------------------------------------------------------------------------
  63   1      // WDT Init !!! ENABLE CONFIG WDT FIRST !!!
  64   1      // Warning:
  65   1      // Always check CONFIG WDT enable first, CONFIG not enable, SFR can't enable WDT reset
  66   1      // Please call Enable_WDT_Reset_Config() function to enable CONFIG WDT reset
  67   1      //----------------------------------------------------------------------------------------------
  68   1      
  69   1      //  Enable_WDT_Reset_Config();
  70   1      
  71   1          TA=0xAA;TA=0x55;WDCON=0x07;           //Setting WDT prescale 
  72   1          set_WDCLR;                            //Clear WDT timer
  73   1          while((WDCON|~SET_BIT6)==0xFF);       //confirm WDT clear is ok before into power down mode
  74   1          EA = 1;
  75   1          set_WDTR;                             //WDT run
  76   1          
  77   1          while(1)
  78   1          {
  79   2      
  80   2            clr_GPIO1;
  81   2            Timer0_Delay1ms(500);
  82   2            set_GPIO1;
  83   2            Timer0_Delay1ms(500);
  84   2            clr_GPIO1;
  85   2            Timer0_Delay1ms(500);
  86   2            set_GPIO1;
  87   2            Timer0_Delay1ms(500);
  88   2            set_PD;
  89   2          }
  90   1      }
  91          


MODULE INFORMATION:   STATIC OVERLAYABLE
   CODE SIZE        =    288    ----
   CONSTANT SIZE    =   ----    ----
   XDATA SIZE       =   ----    ----
   PDATA SIZE       =   ----    ----
   DATA SIZE        =   ----    ----
   IDATA SIZE       =   ----    ----
   BIT SIZE         =   ----    ----
END OF MODULE INFORMATION.


C51 COMPILATION COMPLETE.  0 WARNING(S),  0 ERROR(S)
