C51 COMPILER V9.52.0.0   IAP_BYTE                                                          02/09/2017 17:22:37 PAGE 1   


C51 COMPILER V9.52.0.0, COMPILATION OF MODULE IAP_BYTE
OBJECT MODULE PLACED IN .\Output\IAP_BYTE.obj
COMPILER INVOKED BY: C:\Keil\C51\BIN\C51.EXE Code\IAP_BYTE.c BROWSE INCDIR(..\..\Include) DEFINE(FOSC_160000) DEBUG OBJE
                    -CTEXTEND PRINT(.\LST\IAP_BYTE.lst) TABS(2) OBJECT(.\Output\IAP_BYTE.obj)

line level    source

   1          /*--------------------------------------------------------------------------------------------------------
             --*/
   2          /*                                                                                                        
             - */
   3          /* Copyright(c) 2017 Nuvoton Technology Corp. All rights reserved.                                        
             - */
   4          /*                                                                                                        
             - */
   5          /*--------------------------------------------------------------------------------------------------------
             --*/
   6          
   7          //********************************************************************************************************
             -***
   8          //  Website: http://www.nuvoton.com
   9          //  E-Mail : MicroC-8bit@nuvoton.com
  10          //  Date   : Jan/21/2017
  11          //********************************************************************************************************
             -***
  12          
  13          //********************************************************************************************************
             -***
  14          //  File Function: N76E003 APROM program DATAFLASH as EEPROM way 
  15          //********************************************************************************************************
             -***
  16          #include "N76E003.h"
  17          #include "SFR_Macro.h"
  18          #include "Function_define.h"
  19          #include "Common.h"
  20          #include "Delay.h"
  21          
  22          
  23          /*********************************************************************************************************
             -********
  24          write_DATAFLASH_BYTE :
  25          user can copy all this subroutine into project, then call this function in main.
  26          **********************************************************************************************************
             -********/    
  27          void write_DATAFLASH_BYTE(UINT16 u16_addr,UINT8 u8_data)
  28          {
  29   1        UINT8 looptmp=0,u8_addrl_r;
  30   1        unsigned char code *cd_longaddr;
  31   1        unsigned char xdata *xd_tmp;
  32   1        
  33   1      //Check page start address
  34   1        u8_addrl_r = u16_addr;
  35   1        if (u8_addrl_r<0x80)
  36   1        {
  37   2          u8_addrl_r = 0;
  38   2        }
  39   1        else 
  40   1        {
  41   2          u8_addrl_r = 0x80;
  42   2        }
  43   1      //Save APROM data to XRAM
C51 COMPILER V9.52.0.0   IAP_BYTE                                                          02/09/2017 17:22:37 PAGE 2   

  44   1        xd_tmp = 0x80;
  45   1        cd_longaddr = (u16_addr&0xff00)+u8_addrl_r; 
  46   1        while (xd_tmp !=0x100)
  47   1        {
  48   2          *xd_tmp = *cd_longaddr;
  49   2          looptmp++;
  50   2          xd_tmp++;
  51   2          cd_longaddr++;
  52   2        }
  53   1      // Modify customer data in XRAM
  54   1        u8_addrl_r = u16_addr;
  55   1        if (u8_addrl_r<0x80)
  56   1        {
  57   2          xd_tmp = u8_addrl_r+0x80;
  58   2        }
  59   1        else
  60   1        {
  61   2          xd_tmp = u8_addrl_r+0;
  62   2        }
  63   1        *xd_tmp = u8_data;
  64   1      //Erase APROM DATAFLASH page
  65   1          IAPAL = u16_addr;
  66   1          IAPAH = u16_addr>>8;
  67   1          IAPFD = 0xFF;
  68   1          set_IAPEN; 
  69   1          set_APUEN;
  70   1          IAPCN = 0x22;     
  71   1          set_IAPGO; 
  72   1      //Save changed RAM data to APROM DATAFLASH
  73   1        u8_addrl_r = u16_addr;
  74   1        if (u8_addrl_r<0x80)
  75   1        {
  76   2          u8_addrl_r =0;
  77   2        }
  78   1        else
  79   1        {
  80   2          u8_addrl_r = 0x80;
  81   2        }
  82   1          xd_tmp = 0x80;
  83   1          IAPAL = u8_addrl_r;
  84   1          IAPAH = u16_addr>>8;
  85   1          set_IAPEN; 
  86   1          set_APUEN;
  87   1          IAPCN = 0x21;
  88   1          while (xd_tmp !=0xFF)
  89   1          {
  90   2            IAPFD = *xd_tmp;
  91   2            set_IAPGO;
  92   2            IAPAL++;
  93   2            xd_tmp++;
  94   2          }
  95   1          clr_APUEN;
  96   1          clr_IAPEN;
  97   1      } 
  98            
  99          //-------------------------------------------------------------------------
 100          UINT8 read_APROM_BYTE(UINT16 code *u16_addr)
 101          {
 102   1        UINT8 rdata;
 103   1        rdata = *u16_addr>>8;
 104   1        return rdata;
 105   1      }
C51 COMPILER V9.52.0.0   IAP_BYTE                                                          02/09/2017 17:22:37 PAGE 3   

 106          
 107          /*********************************************************************************************************
             -*********/  
 108          
 109          
 110          void main (void) 
 111          {
 112   1          UINT8 datatemp;
 113   1      /* -------------------------------------------------------------------------*/
 114   1      /*  Dataflash use APROM area, please ALWAYS care the address of you code    */
 115   1      /*  APROM 0x3800~0x38FF demo as dataflash                                   */
 116   1      /*  Please use Memory window key in C:0x3800 to check earse result          */        
 117   1      /* -------------------------------------------------------------------------*/
 118   1          InitialUART0_Timer1(115200);
 119   1      //call write byte 
 120   1          write_DATAFLASH_BYTE (0x3881,0x55);
 121   1          write_DATAFLASH_BYTE (0x3882,0x56);
 122   1          write_DATAFLASH_BYTE (0x3855,0xaa);
 123   1          write_DATAFLASH_BYTE (0x3856,0x66);
 124   1      //call read byte
 125   1          datatemp = read_APROM_BYTE(0x3882);
 126   1      
 127   1          while(1)
 128   1          {
 129   2      //        printf ("\n data temp = 0x%bx", datatemp);
 130   2          }
 131   1      }
 132          //--------------------------------------------------------------------------------------------------------
             ----


MODULE INFORMATION:   STATIC OVERLAYABLE
   CODE SIZE        =    379    ----
   CONSTANT SIZE    =   ----    ----
   XDATA SIZE       =   ----    ----
   PDATA SIZE       =   ----    ----
   DATA SIZE        =   ----       7
   IDATA SIZE       =   ----    ----
   BIT SIZE         =   ----    ----
END OF MODULE INFORMATION.


C51 COMPILATION COMPLETE.  0 WARNING(S),  0 ERROR(S)
