C51 COMPILER V9.52.0.0   TIMER01_M1                                                        02/09/2017 18:19:02 PAGE 1   


C51 COMPILER V9.52.0.0, COMPILATION OF MODULE TIMER01_M1
OBJECT MODULE PLACED IN .\Output\Timer01_M1.obj
COMPILER INVOKED BY: C:\Keil\C51\BIN\C51.EXE Code\Timer01_M1.c BROWSE INCDIR(..\..\Include) DEFINE(FOSC_160000) DEBUG OB
                    -JECTEXTEND PRINT(.\LST\Timer01_M1.lst) TABS(2) OBJECT(.\Output\Timer01_M1.obj)

line level    source

   1          /*--------------------------------------------------------------------------------------------------------
             --*/
   2          /*                                                                                                        
             - */
   3          /* Copyright(c) 2017 Nuvoton Technology Corp. All rights reserved.                                        
             - */
   4          /*                                                                                                        
             - */
   5          /*--------------------------------------------------------------------------------------------------------
             --*/
   6          
   7          //********************************************************************************************************
             -***
   8          //  Website: http://www.nuvoton.com
   9          //  E-Mail : MicroC-8bit@nuvoton.com
  10          //  Date   : Jan/21/2017
  11          //********************************************************************************************************
             -***
  12          
  13          //********************************************************************************************************
             -***
  14          //  File Function: N76E003 Timer0/1 Mode1 demo code
  15          //********************************************************************************************************
             -***
  16          
  17          #include "N76E003.h"
  18          #include "Common.h"
  19          #include "Delay.h"
  20          #include "SFR_Macro.h"
  21          #include "Function_define.h"
  22          
  23          //*****************  The Following is in define in Fucntion_define.h  ***************************
  24          //****** For Timer01 mode 1 suggest call Delay.c Timer module for delay directly          *******
  25          //***********************************************************************************************
  26          //void Timer0_Delay100us(UINT32 u32CNT)
  27          ////------------------------------------------------------------------------------
  28          //void Timer0_Delay1ms(UINT32 u32CNT)
  29          ////------------------------------------------------------------------------------
  30          //void Timer1_Delay10ms(UINT32 u32CNT)
  31          ////------------------------------------------------------------------------------
  32          //void Timer2_Delay500us(UINT32 u32CNT)
  33          ////------------------------------------------------------------------------------
  34          //void Timer3_Delay100ms(UINT32 u32CNT)
  35          ////------------------------------------------------------------------------------
  36          //void Timer3_Delay10us(UINT32 u32CNT)
  37          
  38          
  39          //*****************  The Following is in define in Fucntion_define.h  ***************************
  40          //****** Always include Function_define.h call the define you want, detail see main(void) *******
  41          //***********************************************************************************************
  42          #if 0
              //#define   TIMER0_MODE0_ENABLE   TMOD&=0x0F
              //#define   TIMER0_MODE1_ENABLE   TMOD&=0x0F;TMOD|=0x10
              //#define   TIMER0_MODE2_ENABLE   TMOD&=0x0F;TMOD|=0x20
C51 COMPILER V9.52.0.0   TIMER01_M1                                                        02/09/2017 18:19:02 PAGE 2   

              //#define   TIMER0_MODE3_ENABLE   TMOD&=0x0F;TMOD|=0x3F
              
              //#define   TIMER1_MODE0_ENABLE   TMOD&=0xF0
              //#define   TIMER1_MODE1_ENABLE   TMOD&=0xF0;TMOD|=0x01
              //#define   TIMER1_MODE2_ENABLE   TMOD&=0xF0;TMOD|=0x02
              //#define   TIMER1_MODE3_ENABLE   TMOD&=0xF0;TMOD|=0xF3
              #endif
  53          
  54          #define TH0_INIT        50000 
  55          #define TL0_INIT        50000
  56          #define TH1_INIT        25000 
  57          #define TL1_INIT        25000
  58          
  59          UINT8 u8TH0_Tmp,u8TL0_Tmp,u8TH1_Tmp,u8TL1_Tmp;
  60          /*********************************************************************************************************
             -***
  61          *    TIMER 0 interrupt subroutine
  62          **********************************************************************************************************
             -**/
  63          void Timer0_ISR (void) interrupt 1  //interrupt address is 0x000B
  64          {
  65   1          TH0 = u8TH0_Tmp;
  66   1          TL0 = u8TL0_Tmp;    
  67   1          
  68   1          P12 = ~P12;                     // GPIO1 toggle when interrupt
  69   1      }
  70          
  71          /*********************************************************************************************************
             -***
  72          *    TIMER 1 interrupt subroutine
  73          **********************************************************************************************************
             -**/
  74          void Timer1_ISR (void) interrupt 3  //interrupt address is 0x001B
  75          {
  76   1          TH1 = u8TH1_Tmp;
  77   1          TL1 = u8TL1_Tmp;   
  78   1      
  79   1          P03 = ~P03;                     //P0.3 toggle when interrupt
  80   1      }
  81          /*********************************************************************************************************
             -***
  82          *    Main function 
  83          **********************************************************************************************************
             -**/
  84          void main (void)
  85          {
  86   1         
  87   1          Set_All_GPIO_Quasi_Mode;
  88   1          TIMER0_MODE1_ENABLE;
  89   1          TIMER1_MODE1_ENABLE;
  90   1      
  91   1          clr_T1M;
  92   1          //set_T1M;
  93   1      
  94   1          u8TH0_Tmp = (65536-TH0_INIT)/256;
  95   1          u8TL0_Tmp = (65536-TL0_INIT)%256;    
  96   1          u8TH1_Tmp = (65536-TH1_INIT)/256;
  97   1          u8TL1_Tmp = (65536-TL1_INIT)%256;
  98   1          
  99   1          TH0 = u8TH0_Tmp;
 100   1          TL0 = u8TL0_Tmp;
 101   1          TH1 = u8TH1_Tmp;
C51 COMPILER V9.52.0.0   TIMER01_M1                                                        02/09/2017 18:19:02 PAGE 3   

 102   1          TL1 = u8TL1_Tmp;
 103   1          
 104   1          set_ET0;                                    //enable Timer0 interrupt
 105   1          set_ET1;                                    //enable Timer1 interrupt
 106   1          set_EA;                                     //enable interrupts
 107   1          set_TR0;                                    //Timer0 run
 108   1          set_TR1;                                    //Timer1 run
 109   1          while(1);
 110   1      }
 111          


MODULE INFORMATION:   STATIC OVERLAYABLE
   CODE SIZE        =     82    ----
   CONSTANT SIZE    =   ----    ----
   XDATA SIZE       =   ----    ----
   PDATA SIZE       =   ----    ----
   DATA SIZE        =      4    ----
   IDATA SIZE       =   ----    ----
   BIT SIZE         =   ----    ----
END OF MODULE INFORMATION.


C51 COMPILATION COMPLETE.  0 WARNING(S),  0 ERROR(S)
