C51 COMPILER V9.52.0.0   COMMON                                                            11/18/2016 10:34:24 PAGE 1   


C51 COMPILER V9.52.0.0, COMPILATION OF MODULE COMMON
OBJECT MODULE PLACED IN .\Output\Common.obj
COMPILER INVOKED BY: C:\Keil\C51\BIN\C51.EXE ..\..\..\Common\Common.c BROWSE INCDIR(..\..\..\Include) DEFINE(FOSC_160000
                    -) DEBUG OBJECTEXTEND PRINT(.\LST\Common.lst) TABS(2) OBJECT(.\Output\Common.obj)

line level    source

   1          /*--------------------------------------------------------------------------------------------------------
             --*/
   2          /*                                                                                                        
             - */
   3          /* Copyright(c) 2016 Nuvoton Technology Corp. All rights reserved.                                        
             - */
   4          /*                                                                                                        
             - */
   5          /*--------------------------------------------------------------------------------------------------------
             --*/
   6          
   7          //********************************************************************************************************
             -***
   8          //  Nuvoton Technoledge Corp. 
   9          //  Website: http://www.nuvoton.com
  10          //  E-Mail : MicroC-8bit@nuvoton.com
  11          //  Date   : Apr/21/2016
  12          //********************************************************************************************************
             -***
  13          
  14          #include <stdio.h>
  15          #include "N76E003.h"
  16          #include "Common.h"
  17          #include "Delay.h"
  18          #include "SFR_Macro.h"
  19          #include "Function_define.h"
  20          
  21          //----------------------------------------------------------------------------------
  22          // use timer1 as Baudrate generator, Maxmum Baudrate can ???? bps @ 16MHZ
  23          //----------------------------------------------------------------------------------
  24          void InitialUART0_Timer1(UINT32 u32Baudrate)    //T1M = 1, SMOD = 1
  25          {
  26   1          P06_Quasi_Mode;   //Setting UART pin as Quasi mode for transmit
  27   1          P07_Quasi_Mode;   //Setting UART pin as Quasi mode for transmit
  28   1        
  29   1          SCON = 0x52;      //UART0 Mode1,REN=1,TI=1
  30   1          TMOD |= 0x20;     //Timer1 Mode1
  31   1          
  32   1          set_SMOD;         //UART0 Double Rate Enable
  33   1          set_T1M;
  34   1          clr_BRCK;         //Serial port 0 baud rate clock source = Timer1
  35   1       
  36   1      #ifdef FOSC_160000
  37   1          TH1 = 256 - (1000000/u32Baudrate+1);               /*16 MHz */
  38   1      #endif      
  39   1      #ifdef FOSC_166000
                  TH1 = 256 - (1037500/u32Baudrate);                 /*16.6 MHz */
              #endif
  42   1          set_TR1;
  43   1      }
  44          //---------------------------------------------------------------
  45          void InitialUART0_Timer3(UINT32 u32Baudrate) //use timer3 as Baudrate generator
  46          {
  47   1          P06_Quasi_Mode;   //Setting UART pin as Quasi mode for transmit
C51 COMPILER V9.52.0.0   COMMON                                                            11/18/2016 10:34:24 PAGE 2   

  48   1          P07_Quasi_Mode;   //Setting UART pin as Quasi mode for transmit 
  49   1        
  50   1          SCON = 0x52;     //UART0 Mode1,REN=1,TI=1
  51   1          set_SMOD;        //UART0 Double Rate Enable
  52   1          T3CON &= 0xF8;   //T3PS2=0,T3PS1=0,T3PS0=0(Prescale=1)
  53   1          set_BRCK;        //UART0 baud rate clock source = Timer3
  54   1      
  55   1      #ifdef FOSC_160000
  56   1          RH3    = HIBYTE(65536 - (1000000/u32Baudrate)-1);     /*16 MHz */
  57   1          RL3    = LOBYTE(65536 - (1000000/u32Baudrate)-1);     /*16 MHz */
  58   1      #endif
  59   1      #ifdef FOSC_166000
                  RH3    = HIBYTE(65536 - (1037500/u32Baudrate));       /*16.6 MHz */
                  RL3    = LOBYTE(65536 - (1037500/u32Baudrate));       /*16.6 MHz */
              #endif
  63   1          set_TR3;         //Trigger Timer3
  64   1      }
  65          
  66          UINT8 Receive_Data_From_UART0(void)
  67          {
  68   1          UINT8 c;
  69   1          while (!RI);
  70   1          c = SBUF;
  71   1          RI = 0;
  72   1          return (c);
  73   1      }
  74          
  75          void Send_Data_To_UART0 (UINT8 c)
  76          {
  77   1          TI = 0;
  78   1          SBUF = c;
  79   1          while(TI==0);
  80   1      }
  81          
  82          
  83          //---------------------------------------------------------------
  84          void InitialUART1_Timer3(UINT32 u32Baudrate) //use timer3 as Baudrate generator
  85          {
  86   1          P02_Quasi_Mode;   //Setting UART pin as Quasi mode for transmit
  87   1          P16_Quasi_Mode;   //Setting UART pin as Quasi mode for transmit
  88   1        
  89   1          SCON_1 = 0x52;   //UART1 Mode1,REN_1=1,TI_1=1
  90   1          T3CON &= 0xF8;   //T3PS2=0,T3PS1=0,T3PS0=0(Prescale=1)
  91   1        
  92   1      #ifdef FOSC_160000
  93   1          RH3    = HIBYTE(65536 - (1000000/u32Baudrate)-1);     /*16 MHz */
  94   1          RL3    = LOBYTE(65536 - (1000000/u32Baudrate)-1);     /*16 MHz */
  95   1      #endif
  96   1      #ifdef FOSC_166000
                  RH3    = HIBYTE(65536 - (1037500/u32Baudrate));       /*16.6 MHz */
                  RL3    = LOBYTE(65536 - (1037500/u32Baudrate));       /*16.6 MHz */
              #endif
 100   1          set_TR3;         //Trigger Timer3
 101   1      }
 102          
 103          UINT8 Receive_Data_From_UART1(void)
 104          {
 105   1          UINT8 c;
 106   1          
 107   1          while (!RI_1);
 108   1          c = SBUF_1;
 109   1          RI_1 = 0;
C51 COMPILER V9.52.0.0   COMMON                                                            11/18/2016 10:34:24 PAGE 3   

 110   1          return (c);
 111   1      }
 112          
 113          void Send_Data_To_UART1 (UINT8 c)
 114          {
 115   1          TI_1 = 0;
 116   1          SBUF_1 = c;
 117   1          while(TI_1==0);
 118   1      }
 119          
 120          
 121          /*==========================================================================*/
 122          #ifdef SW_Reset
              void SW_Reset(void)
              {
                  TA = 0xAA;
                  TA = 0x55;
                  set_SWRST;
              }
              #endif
 130          /*==========================================================================*/


MODULE INFORMATION:   STATIC OVERLAYABLE
   CODE SIZE        =    287    ----
   CONSTANT SIZE    =   ----    ----
   XDATA SIZE       =   ----    ----
   PDATA SIZE       =   ----    ----
   DATA SIZE        =   ----       8
   IDATA SIZE       =   ----    ----
   BIT SIZE         =   ----    ----
END OF MODULE INFORMATION.


C51 COMPILATION COMPLETE.  0 WARNING(S),  0 ERROR(S)
