C51 COMPILER V9.52.0.0   TIMER3                                                            02/09/2017 18:30:29 PAGE 1   


C51 COMPILER V9.52.0.0, COMPILATION OF MODULE TIMER3
OBJECT MODULE PLACED IN .\Output\Timer3.obj
COMPILER INVOKED BY: C:\Keil\C51\BIN\C51.EXE Code\Timer3.c BROWSE INCDIR(..\..\Include) DEFINE(FOSC_160000) DEBUG OBJECT
                    -EXTEND PRINT(.\LST\Timer3.lst) TABS(2) OBJECT(.\Output\Timer3.obj)

line level    source

   1          /*--------------------------------------------------------------------------------------------------------
             --*/
   2          /*                                                                                                        
             - */
   3          /* Copyright(c) 2017 Nuvoton Technology Corp. All rights reserved.                                        
             - */
   4          /*                                                                                                        
             - */
   5          /*--------------------------------------------------------------------------------------------------------
             --*/
   6          
   7          //********************************************************************************************************
             -***
   8          //  Website: http://www.nuvoton.com
   9          //  E-Mail : MicroC-8bit@nuvoton.com
  10          //  Date   : Jan/21/2017
  11          //********************************************************************************************************
             -***
  12          
  13          //********************************************************************************************************
             -***
  14          //  File Function: N76E003 Timer3 demo code
  15          //********************************************************************************************************
             -***
  16          
  17          #include "N76E003.h"
  18          #include "SFR_Macro.h"
  19          #include "Function_define.h"
  20          #include "Common.h"
  21          #include "Delay.h"
  22          
  23          
  24          #define RELOAD_VALUE_H  (65536-1500)/256
  25          #define RELOAD_VALUE_L  (65536-1500)%256
  26          
  27          /*********************************************************************************************************
             -***
  28          *    TIMER 2 interrupt subroutine
  29          **********************************************************************************************************
             -**/
  30          void Timer3_ISR (void) interrupt 16 
  31          {
  32   1          clr_TF3;
  33   1          P12 = ~P12;                                 //P0.2 toggle when TF3 interrupt
  34   1          printf("\n TM3 INT 0x%bX", RH3);
  35   1      }
  36          
  37          /*********************************************************************************************************
             -***
  38          *    Main function 
  39          **********************************************************************************************************
             -**/
  40          void main (void)
  41          {
C51 COMPILER V9.52.0.0   TIMER3                                                            02/09/2017 18:30:29 PAGE 2   

  42   1          
  43   1          Set_All_GPIO_Quasi_Mode;
  44   1          InitialUART0_Timer1(115200);
  45   1      
  46   1             
  47   1          RH3 = RELOAD_VALUE_H;                       //initial counter values 
  48   1          RL3 = RELOAD_VALUE_L;    
  49   1          
  50   1          set_ET3;                                    //enable Timer3 interrupt
  51   1          set_EA;                                     //enable interrupts
  52   1          set_TR3;                                    //Timer3 run
  53   1      
  54   1          while(1);
  55   1      }
  56          


MODULE INFORMATION:   STATIC OVERLAYABLE
   CODE SIZE        =    111    ----
   CONSTANT SIZE    =     16    ----
   XDATA SIZE       =   ----    ----
   PDATA SIZE       =   ----    ----
   DATA SIZE        =   ----    ----
   IDATA SIZE       =   ----    ----
   BIT SIZE         =   ----    ----
END OF MODULE INFORMATION.


C51 COMPILATION COMPLETE.  0 WARNING(S),  0 ERROR(S)
