Drill Listing
=============
Drill: .012  Tool: 1  Feed: 95  Speed: 300
X 1005440  Y 1018842
X 1006020  Y 1006032
X 1019582  Y 1004700
X 1024600  Y 1010846
X 1033724  Y 1018842
X 1046892  Y 1020170
X 1047867  Y 1004700
X 1049800  Y 1014389
X 1057600  Y 1027600
X 1059411  Y 1006059
X 1066000  Y 1020100
X 1067155  Y 1012282
X 1150875  Y 1027600
X 1162500  Y 1014500
X 1186000  Y 1022200
X 1192000  Y 1020000
X 1200500  Y 1027000
X 1218039  Y 1007844
X 1220116  Y 1020303
X 1370163  Y 1023463
X 1391000  Y 1015500
X 1395500  Y 1007500
X 1418500  Y 1020000
X 1429000  Y 1006000
X 1464000  Y 1016000
X 1469500  Y 1020500
X 1483000  Y 1011500
X 1489000  Y 1009000
X 1489000  Y 1014000
X 1499500  Y 1013500
X 1501159  Y 1003008
X 1503000  Y 1022000
X 1504500  Y 1003100
X 1513149  Y 1044769
X 1504000  Y 1040000
X 1486000  Y 1045600
X 1455363  Y 1040453
X 1451500  Y 1045000
X 1444800  Y 1041100
X 1438800  Y 1041200
X 1437000  Y 1037500
X 1420500  Y 1044000
X 1419000  Y 1031500
X 1408000  Y 1030500
X 1402000  Y 1045000
X 1400000  Y 1031100
X 1387500  Y 1041500
X 1371803  Y 1033567
X 1353100  Y 1037200
X 1331500  Y 1046200
X 1322800  Y 1031800
X 1316567  Y 1032984
X 1313200  Y 1036600
X 1303484  Y 1031800
X 1280200  Y 1030600
X 1263092  Y 1028545
X 1251766  Y 1028545
X 1249941  Y 1041444
X 1235200  Y 1040550
X 1234600  Y 1030625
X 1232200  Y 1039600
X 1222500  Y 1040500
X 1219000  Y 1048600
X 1218400  Y 1031800
X 1212900  Y 1048600
X 1212700  Y 1041400
X 1201000  Y 1033000
X 1197400  Y 1052492
X 1196615  Y 1045000
X 1193747  Y 1041331
X 1178750  Y 1050000
X 1178200  Y 1030000
X 1174600  Y 1049800
X 1166487  Y 1043004
X 1159000  Y 1044400
X 1155400  Y 1044400
X 1116700  Y 1041125
X 1116250  Y 1035125
X 1113400  Y 1030600
X 1112800  Y 1039725
X 1112500  Y 1034375
X 1095625  Y 1044375
X 1094800  Y 1049500
X 1088800  Y 1040800
X 1086876  Y 1036546
X 1083224  Y 1040975
X 1082800  Y 1034800
X 1081114  Y 1046682
X 1075354  Y 1028145
X 1067787  Y 1046532
X 1065400  Y 1043200
X 1065400  Y 1052200
X 1064800  Y 1032500
X 1062400  Y 1036830
X 1052200  Y 1041161
X 1051600  Y 1045492
X 1044721  Y 1029723
X 1033724  Y 1047126
X 1019582  Y 1032984
X 1017241  Y 1052269
X 1005440  Y 1047126
X 1005440  Y 1075410
X 1006881  Y 1062286
X 1025063  Y 1062149
X 1033724  Y 1075410
X 1039265  Y 1061737
X 1049069  Y 1066529
X 1051600  Y 1054153
X 1052200  Y 1062814
X 1067200  Y 1057500
X 1076750  Y 1076800
X 1081000  Y 1060600
X 1085000  Y 1060600
X 1088800  Y 1056750
X 1090023  Y 1061493
X 1090600  Y 1065400
X 1091800  Y 1068400
X 1101375  Y 1065000
X 1108125  Y 1058200
X 1112500  Y 1059375
X 1119500  Y 1075600
X 1123600  Y 1055531
X 1123600  Y 1075600
X 1137000  Y 1076000
X 1169800  Y 1075000
X 1180000  Y 1074700
X 1186000  Y 1063600
X 1190500  Y 1060600
X 1192600  Y 1076200
X 1195600  Y 1072600
X 1200400  Y 1054600
X 1201600  Y 1061800
X 1204900  Y 1066000
X 1205800  Y 1061800
X 1208125  Y 1074375
X 1208500  Y 1068100
X 1210600  Y 1070800
X 1215100  Y 1077700
X 1216126  Y 1069600
X 1264900  Y 1057300
X 1285625  Y 1063600
X 1291900  Y 1054600
X 1293125  Y 1063600
X 1306250  Y 1061200
X 1316800  Y 1055200
X 1316800  Y 1064800
X 1329376  Y 1061851
X 1384800  Y 1062500
X 1401000  Y 1061000
X 1406250  Y 1065817
X 1408000  Y 1070295
X 1412000  Y 1077300
X 1415300  Y 1074200
X 1427000  Y 1068000
X 1437000  Y 1064000
X 1469300  Y 1059300
X 1492303  Y 1060708
X 1505957  Y 1074155
X 1506231  Y 1062903
X 1517122  Y 1062283
X 1517500  Y 1100500
X 1503500  Y 1095500
X 1485750  Y 1096600
X 1481206  Y 1080270
X 1467600  Y 1078900
X 1467500  Y 1085200
X 1463500  Y 1097000
X 1457000  Y 1091500
X 1454000  Y 1083500
X 1435500  Y 1078500
X 1428371  Y 1090136
X 1418000  Y 1085000
X 1417344  Y 1096000
X 1413407  Y 1095800
X 1410400  Y 1082800
X 1406100  Y 1088011
X 1396500  Y 1098000
X 1389700  Y 1097000
X 1389700  Y 1091400
X 1353498  Y 1095985
X 1335932  Y 1098951
X 1312600  Y 1091200
X 1295200  Y 1084000
X 1291000  Y 1092500
X 1265200  Y 1079200
X 1260400  Y 1079200
X 1255750  Y 1079200
X 1252000  Y 1083400
X 1247500  Y 1089084
X 1238125  Y 1092500
X 1228250  Y 1090000
X 1219900  Y 1086700
X 1213000  Y 1099600
X 1208200  Y 1082800
X 1205500  Y 1085800
X 1198600  Y 1091553
X 1196200  Y 1094800
X 1193200  Y 1088800
X 1192300  Y 1102300
X 1188125  Y 1084375
X 1182400  Y 1078600
X 1176700  Y 1094500
X 1149400  Y 1092400
X 1142800  Y 1092400
X 1118800  Y 1100625
X 1093600  Y 1082800
X 1093600  Y 1079800
X 1084700  Y 1089800
X 1062400  Y 1101545
X 1062400  Y 1098100
X 1050400  Y 1082200
X 1024076  Y 1096873
X 1018000  Y 1093750
X 1018000  Y 1098750
X 1018000  Y 1088750
X 1015661  Y 1083150
X 1009934  Y 1111015
X 1018000  Y 1103750
X 1024200  Y 1107400
X 1028200  Y 1106800
X 1066503  Y 1125157
X 1097200  Y 1112800
X 1111600  Y 1111600
X 1118500  Y 1108125
X 1118750  Y 1126875
X 1118800  Y 1115000
X 1129875  Y 1122100
X 1136500  Y 1108500
X 1141000  Y 1108500
X 1144500  Y 1108500
X 1162000  Y 1108125
X 1162000  Y 1115000
X 1162000  Y 1103800
X 1162600  Y 1120500
X 1169200  Y 1109050
X 1178800  Y 1108600
X 1194500  Y 1105000
X 1195900  Y 1123300
X 1208950  Y 1105000
X 1211950  Y 1105000
X 1217500  Y 1105000
X 1221529  Y 1123866
X 1228750  Y 1113400
X 1234250  Y 1113400
X 1238200  Y 1110400
X 1240000  Y 1103800
X 1248668  Y 1113209
X 1270625  Y 1126875
X 1285000  Y 1107000
X 1285625  Y 1113000
X 1286250  Y 1125000
X 1291600  Y 1119400
X 1296250  Y 1113000
X 1296875  Y 1107000
X 1312600  Y 1108000
X 1312600  Y 1121200
X 1320339  Y 1112952
X 1370500  Y 1108000
X 1370500  Y 1120500
X 1379000  Y 1120000
X 1387278  Y 1117837
X 1403500  Y 1108000
X 1413500  Y 1113575
X 1417500  Y 1123600
X 1421100  Y 1116400
X 1425000  Y 1124200
X 1429000  Y 1117100
X 1432500  Y 1124200
X 1438000  Y 1127200
X 1440707  Y 1105600
X 1451500  Y 1125500
X 1455000  Y 1108500
X 1468000  Y 1121000
X 1469800  Y 1107500
X 1469800  Y 1111600
X 1497500  Y 1123500
X 1503900  Y 1107500
X 1507100  Y 1111600
X 1507000  Y 1129500
X 1379000  Y 1132000
X 1371000  Y 1132000
X 1308249  Y 1131607
X 1266400  Y 1132600
X 1222600  Y 1131100
X 1196800  Y 1131100
X 1158700  Y 1131700
X 1149400  Y 1132600
X 1116881  Y 1131303

Drill: .0315  Tool: 2  Feed: 197  Speed: 550
X 1065000  Y 1082500
X 1075000  Y 1082500
X 1251250  Y 1106250
X 1261250  Y 1106250
X 1340000  Y 1106250
X 1350000  Y 1106250

Drill: .032  Tool: 3  Feed: 197  Speed: 550
X 1181658  Y 1020984
X 1198981  Y 1020984
X 1501515  Y 1062608
X 1501515  Y 1079931

Drill: .032  Tool: 4  Feed: 197  Speed: 550
X 1205000  Y 1128750
X 1215000  Y 1128750

Drill: .035  Tool: 5  Feed: 197  Speed: 550
X 1230000  Y 1010000
X 1230000  Y 1020000
X 1240000  Y 1010000
X 1240000  Y 1020000
X 1250000  Y 1010000
X 1250000  Y 1020000
X 1260000  Y 1010000
X 1260000  Y 1020000
X 1270000  Y 1010000
X 1270000  Y 1020000
X 1280000  Y 1010000
X 1280000  Y 1020000
X 1290000  Y 1010000
X 1290000  Y 1020000
X 1300000  Y 1010000
X 1300000  Y 1020000
X 1310000  Y 1010000
X 1310000  Y 1020000
X 1320000  Y 1010000
X 1320000  Y 1020000
X 1330000  Y 1010000
X 1330000  Y 1020000
X 1340000  Y 1010000
X 1340000  Y 1020000
X 1350000  Y 1010000
X 1350000  Y 1020000
X 1475000  Y 1054375
X 1475000  Y 1064375
X 1475000  Y 1074375
X 1475000  Y 1084375
X 1428750  Y 1130000
X 1418750  Y 1130000
X 1408750  Y 1130000
X 1398750  Y 1130000
X 1388750  Y 1130000

Drill: .037  Tool: 6  Feed: 197  Speed: 550
X 1010000  Y 1120000
X 1020000  Y 1120000
X 1030000  Y 1120000
X 1040000  Y 1120000
X 1050000  Y 1120000
X 1060000  Y 1120000
X 1070000  Y 1120000
X 1080000  Y 1120000
X 1090000  Y 1120000
X 1100000  Y 1120000
X 1110000  Y 1120000
X 1170000  Y 1120000
X 1180000  Y 1120000
X 1190000  Y 1120000
X 1190000  Y 1130000
X 1180000  Y 1130000
X 1170000  Y 1130000
X 1110000  Y 1130000
X 1100000  Y 1130000
X 1090000  Y 1130000
X 1080000  Y 1130000
X 1070000  Y 1130000
X 1060000  Y 1130000
X 1050000  Y 1130000
X 1040000  Y 1130000
X 1030000  Y 1130000
X 1020000  Y 1130000
X 1010000  Y 1130000

Drill: .03937  Tool: 7  Feed: 197  Speed: 550
X 1015767  Y 1029350
X 1015767  Y 1060846

Drill: .04  Tool: 8  Feed: 139  Speed: 550
X 1075000  Y 1010000
X 1075000  Y 1020000
X 1085000  Y 1010000
X 1085000  Y 1020000
X 1095000  Y 1010000
X 1095000  Y 1020000
X 1105000  Y 1010000
X 1105000  Y 1020000
X 1115000  Y 1010000
X 1115000  Y 1020000
X 1125000  Y 1010000
X 1125000  Y 1020000
X 1135000  Y 1010000
X 1135000  Y 1020000
X 1145000  Y 1010000
X 1145000  Y 1020000
X 1155000  Y 1010000
X 1155000  Y 1020000
X 1342000  Y 1049469
X 1352000  Y 1049469
X 1370000  Y 1049469
X 1380000  Y 1049469
X 1380000  Y 1069469
X 1380000  Y 1059469
X 1380000  Y 1089469
X 1380000  Y 1079469
X 1370000  Y 1069469
X 1370000  Y 1059469
X 1370000  Y 1089469
X 1370000  Y 1079469
X 1352000  Y 1089469
X 1352000  Y 1079469
X 1352000  Y 1069469
X 1352000  Y 1059469
X 1342000  Y 1069469
X 1342000  Y 1059469
X 1342000  Y 1079469
X 1342000  Y 1089469
X 1230000  Y 1120000
X 1230000  Y 1130000
X 1240000  Y 1120000
X 1240000  Y 1130000
X 1250000  Y 1130000
X 1250000  Y 1120000
X 1260000  Y 1120000
X 1260000  Y 1130000
X 1320000  Y 1130000
X 1320000  Y 1120000
X 1330000  Y 1120000
X 1330000  Y 1130000
X 1340000  Y 1120000
X 1340000  Y 1130000
X 1350000  Y 1130000
X 1350000  Y 1120000

Drill: .05118  Tool: 9  Feed: 107  Speed: 550
X 1140000  Y 1102411
X 1140000  Y 1129970
X 1291250  Y 1129970
X 1291250  Y 1102411

End of Listing
